mode: set
github.com/tonyalaribe/ninja/core/core.go:25.54,27.32 2 0
github.com/tonyalaribe/ninja/core/core.go:31.2,31.29 1 0
github.com/tonyalaribe/ninja/core/core.go:34.2,34.20 1 0
github.com/tonyalaribe/ninja/core/core.go:27.32,29.3 1 0
github.com/tonyalaribe/ninja/core/core.go:31.29,33.3 1 0
github.com/tonyalaribe/ninja/core/core.go:37.96,39.2 1 0
github.com/tonyalaribe/ninja/core/core.go:41.95,43.2 1 0
github.com/tonyalaribe/ninja/core/core.go:45.86,50.2 2 0
github.com/tonyalaribe/ninja/core/core.go:52.99,54.2 1 0
github.com/tonyalaribe/ninja/core/core.go:56.164,58.2 1 0
github.com/tonyalaribe/ninja/core/core.go:60.54,61.26 1 0
github.com/tonyalaribe/ninja/core/core.go:61.26,63.3 1 0
github.com/tonyalaribe/ninja/uilayer/rest/createCollection.go:18.108,21.16 3 1
github.com/tonyalaribe/ninja/uilayer/rest/createCollection.go:25.2,26.16 2 1
github.com/tonyalaribe/ninja/uilayer/rest/createCollection.go:30.2,31.27 2 1
github.com/tonyalaribe/ninja/uilayer/rest/createCollection.go:21.16,23.3 1 0
github.com/tonyalaribe/ninja/uilayer/rest/createCollection.go:26.16,28.3 1 0
github.com/tonyalaribe/ninja/uilayer/rest/createCollection.go:34.101,38.16 3 1
github.com/tonyalaribe/ninja/uilayer/rest/createCollection.go:41.2,42.27 2 1
github.com/tonyalaribe/ninja/uilayer/rest/createCollection.go:38.16,40.3 1 0
github.com/tonyalaribe/ninja/uilayer/rest/rest.go:19.43,25.2 3 0
github.com/tonyalaribe/ninja/uilayer/rest/rest.go:27.29,32.54 4 0
github.com/tonyalaribe/ninja/uilayer/rest/rest.go:36.2,45.62 5 0
github.com/tonyalaribe/ninja/uilayer/rest/rest.go:49.2,49.19 1 0
github.com/tonyalaribe/ninja/uilayer/rest/rest.go:32.54,34.3 1 0
github.com/tonyalaribe/ninja/uilayer/rest/rest.go:45.62,48.3 1 0
github.com/tonyalaribe/ninja/uilayer/rest/rest.go:52.97,53.54 1 1
github.com/tonyalaribe/ninja/uilayer/rest/rest.go:53.54,55.17 2 1
github.com/tonyalaribe/ninja/uilayer/rest/rest.go:55.17,61.4 2 0
github.com/tonyalaribe/ninja/uilayer/rest/rest.go:65.93,72.42 5 0
github.com/tonyalaribe/ninja/uilayer/rest/rest.go:76.2,76.24 1 0
github.com/tonyalaribe/ninja/uilayer/rest/rest.go:72.42,75.3 1 0
github.com/tonyalaribe/ninja/uilayer/rest/rest.go:79.123,82.2 2 0
github.com/tonyalaribe/ninja/uilayer/rest/rest.go:84.77,89.2 4 1
github.com/tonyalaribe/ninja/uilayer/rest/routes.go:13.41,35.2 8 0
github.com/tonyalaribe/ninja/uilayer/rest/routes.go:37.68,40.2 2 1
